Flow report for MicroComputador
Tue Sep 02 13:19:47 2014
Quartus II Version 9.1 Build 350 03/24/2010 Service Pack 2 SJ Web Edition


---------------------
; Table of Contents ;
---------------------
  1. Legal Notice
  2. Flow Summary
  3. Flow Settings
  4. Flow Non-Default Global Settings
  5. Flow Elapsed Time
  6. Flow OS Summary
  7. Flow Log



----------------
; Legal Notice ;
----------------
Copyright (C) 1991-2010 Altera Corporation
Your use of Altera Corporation's design tools, logic functions 
and other software and tools, and its AMPP partner logic 
functions, and any output files from any of the foregoing 
(including device programming or simulation files), and any 
associated documentation or information are expressly subject 
to the terms and conditions of the Altera Program License 
Subscription Agreement, Altera MegaCore Function License 
Agreement, or other applicable license agreement, including, 
without limitation, that your use is for the sole purpose of 
programming logic devices manufactured by Altera and sold by 
Altera or its authorized distributors.  Please refer to the 
applicable agreement for further details.



+-------------------------------------------------------------------------------+
; Flow Summary                                                                  ;
+--------------------------------+----------------------------------------------+
; Flow Status                    ; Successful - Tue Sep 02 13:19:47 2014        ;
; Quartus II Version             ; 9.1 Build 350 03/24/2010 SP 2 SJ Web Edition ;
; Revision Name                  ; MicroComputador                              ;
; Top-level Entity Name          ; CPU8bits                                     ;
; Family                         ; Arria GX                                     ;
; Met timing requirements        ; N/A                                          ;
; Logic utilization              ; < 1 %                                        ;
;     Combinational ALUTs        ; 106 / 17,264 ( < 1 % )                       ;
;     Dedicated logic registers  ; 52 / 17,264 ( < 1 % )                        ;
; Total registers                ; 52                                           ;
; Total pins                     ; 87 / 255 ( 34 % )                            ;
; Total virtual pins             ; 0                                            ;
; Total block memory bits        ; 336 / 1,229,184 ( < 1 % )                    ;
; DSP block 9-bit elements       ; 0 / 80 ( 0 % )                               ;
; Total GXB Receiver Channels    ; 0 / 4 ( 0 % )                                ;
; Total GXB Transmitter Channels ; 0 / 4 ( 0 % )                                ;
; Total PLLs                     ; 0 / 4 ( 0 % )                                ;
; Total DLLs                     ; 0 / 2 ( 0 % )                                ;
; Device                         ; EP1AGX20CF484C6                              ;
; Timing Models                  ; Final                                        ;
+--------------------------------+----------------------------------------------+


+-----------------------------------------+
; Flow Settings                           ;
+-------------------+---------------------+
; Option            ; Setting             ;
+-------------------+---------------------+
; Start date & time ; 09/02/2014 13:19:14 ;
; Main task         ; Compilation         ;
; Revision Name     ; MicroComputador     ;
+-------------------+---------------------+


+---------------------------------------------------------------------------------------------------------------------------------+
; Flow Non-Default Global Settings                                                                                                ;
+------------------------------------+------------------------------+------------------------------+-------------+----------------+
; Assignment Name                    ; Value                        ; Default Value                ; Entity Name ; Section Id     ;
+------------------------------------+------------------------------+------------------------------+-------------+----------------+
; COMPILER_SIGNATURE_ID              ; 163966238794.140968195304984 ; --                           ; --          ; --             ;
; FITTER_EFFORT                      ; Standard Fit                 ; Auto Fit                     ; --          ; --             ;
; INCREMENTAL_COMPILATION            ; Off                          ; FULL_INCREMENTAL_COMPILATION ; --          ; --             ;
; IP_TOOL_NAME                       ; ROM: 1-PORT                  ; --                           ; --          ; --             ;
; IP_TOOL_NAME                       ; ROM: 1-PORT                  ; --                           ; --          ; --             ;
; IP_TOOL_NAME                       ; ROM: 1-PORT                  ; --                           ; --          ; --             ;
; IP_TOOL_VERSION                    ; 9.1                          ; --                           ; --          ; --             ;
; IP_TOOL_VERSION                    ; 9.1                          ; --                           ; --          ; --             ;
; IP_TOOL_VERSION                    ; 9.1                          ; --                           ; --          ; --             ;
; MISC_FILE                          ; Memoria.bsf                  ; --                           ; --          ; --             ;
; MISC_FILE                          ; Memoria_inst.vhd             ; --                           ; --          ; --             ;
; MISC_FILE                          ; Memoria.cmp                  ; --                           ; --          ; --             ;
; MISC_FILE                          ; Memoriav2.bsf                ; --                           ; --          ; --             ;
; MISC_FILE                          ; Memoriav2_inst.vhd           ; --                           ; --          ; --             ;
; MISC_FILE                          ; Memoriav2.cmp                ; --                           ; --          ; --             ;
; MISC_FILE                          ; Memoriav3.bsf                ; --                           ; --          ; --             ;
; MISC_FILE                          ; Memoriav3_inst.vhd           ; --                           ; --          ; --             ;
; MISC_FILE                          ; Memoriav3.cmp                ; --                           ; --          ; --             ;
; PARTITION_COLOR                    ; 16764057                     ; --                           ; CPU8bits    ; Top            ;
; PARTITION_NETLIST_TYPE             ; SOURCE                       ; --                           ; CPU8bits    ; Top            ;
; TOP_LEVEL_ENTITY                   ; CPU8bits                     ; MicroComputador              ; --          ; --             ;
; USE_GENERATED_PHYSICAL_CONSTRAINTS ; Off                          ; --                           ; --          ; eda_blast_fpga ;
+------------------------------------+------------------------------+------------------------------+-------------+----------------+


+-------------------------------------------------------------------------------------------------------------------------------+
; Flow Elapsed Time                                                                                                             ;
+---------------------------+--------------+-------------------------+---------------------+------------------------------------+
; Module Name               ; Elapsed Time ; Average Processors Used ; Peak Virtual Memory ; Total CPU Time (on all processors) ;
+---------------------------+--------------+-------------------------+---------------------+------------------------------------+
; Analysis & Synthesis      ; 00:00:06     ; 1.0                     ; 242 MB              ; 00:00:05                           ;
; Fitter                    ; 00:00:14     ; 1.0                     ; 311 MB              ; 00:00:10                           ;
; Assembler                 ; 00:00:10     ; 1.0                     ; 265 MB              ; 00:00:03                           ;
; TimeQuest Timing Analyzer ; 00:00:06     ; 1.0                     ; 223 MB              ; 00:00:02                           ;
; Total                     ; 00:00:30     ; --                      ; --                  ; 00:00:18                           ;
+---------------------------+--------------+-------------------------+---------------------+------------------------------------+


+--------------------------------------------------------------------------------------------+
; Flow OS Summary                                                                            ;
+---------------------------+------------------+---------------+------------+----------------+
; Module Name               ; Machine Hostname ; OS Name       ; OS Version ; Processor type ;
+---------------------------+------------------+---------------+------------+----------------+
; Analysis & Synthesis      ; LHW11            ; Windows Vista ; 6.1        ; x86_64         ;
; Fitter                    ; LHW11            ; Windows Vista ; 6.1        ; x86_64         ;
; TimeQuest Timing Analyzer ; LHW11            ; Windows Vista ; 6.1        ; x86_64         ;
; Assembler                 ; LHW11            ; Windows Vista ; 6.1        ; x86_64         ;
+---------------------------+------------------+---------------+------------+----------------+


------------
; Flow Log ;
------------
quartus_map --read_settings_files=on --write_settings_files=off MicroComputador -c MicroComputador
quartus_fit --read_settings_files=off --write_settings_files=off MicroComputador -c MicroComputador
quartus_sta MicroComputador -c MicroComputador
quartus_asm --read_settings_files=off --write_settings_files=off MicroComputador -c MicroComputador



